Info : Listening on port 6666 for tcl connections
Info : Listening on port 4444 for telnet connections
Info : J-Link Lite-XMC4200 Rev.1 compiled Mar  1 2019 11:28:26
Info : Hardware version: 1.00
Info : VTarget = 3.300 V
Info : clock speed 1000 kHz
Info : SWD DPIDR 0x2ba01477
Info : [xmc4700.cpu] Cortex-M4 r0p1 processor detected
Info : [xmc4700.cpu] target has 6 breakpoints, 4 watchpoints
Info : starting gdb server for xmc4700.cpu on pipe
Info : accepting 'gdb' connection from pipe
Warn : [xmc4700.cpu] target was in unknown state when halt was requested
[xmc4700.cpu] halted due to debug-request, current mode: Thread 
xPSR: 0x01000000 pc: 0x080001fc msp: 0x20040000
Info : Clearing flash status
Info : Padding end of page @0x08003c00 by 72 bytes
Info : Clearing flash status
[xmc4700.cpu] halted due to debug-request, current mode: Thread 
xPSR: 0x01000000 pc: 0x080001fc msp: 0x20040000
Info : rtt: Searching for control block 'SEGGER RTT'
Info : rtt: Control block found at 0x1ffe8000
Info : Listening on port 19021 for rtt connections
Info : accepting 'rtt' connection on tcp/19021
Info : dropped 'gdb' connection
